0 info it worked if it ends with ok
1 verbose cli [ 'E:\\node.exe',
1 verbose cli   'E:\\node_modules\\npm\\bin\\npm-cli.js',
1 verbose cli   'install',
1 verbose cli   'gulp',
1 verbose cli   '--save' ]
2 info using npm@2.15.8
3 info using node@v4.4.7
4 verbose install initial load of E:\workspace\package.json
5 verbose installManyTop reading scoped package data from E:\workspace\node_modules\body-parser\package.json
6 verbose installManyTop reading scoped package data from E:\workspace\node_modules\cookie-parser\package.json
7 verbose installManyTop reading scoped package data from E:\workspace\node_modules\debug\package.json
8 verbose installManyTop reading scoped package data from E:\workspace\node_modules\ejs\package.json
9 verbose installManyTop reading scoped package data from E:\workspace\node_modules\express\package.json
10 verbose installManyTop reading scoped package data from E:\workspace\node_modules\jade\package.json
11 verbose installManyTop reading scoped package data from E:\workspace\node_modules\morgan\package.json
12 verbose installManyTop reading scoped package data from E:\workspace\node_modules\serve-favicon\package.json
13 verbose installManyTop reading scoped package data from E:\workspace\node_modules\stylus\package.json
14 verbose readDependencies loading dependencies from E:\workspace\package.json
15 silly cache add args [ 'gulp', null ]
16 verbose cache add spec gulp
17 silly cache add parsed spec Result {
17 silly cache add   raw: 'gulp',
17 silly cache add   scope: null,
17 silly cache add   name: 'gulp',
17 silly cache add   rawSpec: '',
17 silly cache add   spec: 'latest',
17 silly cache add   type: 'tag' }
18 silly addNamed gulp@latest
19 verbose addNamed "latest" is being treated as a dist-tag for gulp
20 info addNameTag [ 'gulp', 'latest' ]
21 silly mapToRegistry name gulp
22 silly mapToRegistry using default registry
23 silly mapToRegistry registry https://registy.npm.taobao.org/
24 silly mapToRegistry data Result {
24 silly mapToRegistry   raw: 'gulp',
24 silly mapToRegistry   scope: null,
24 silly mapToRegistry   name: 'gulp',
24 silly mapToRegistry   rawSpec: '',
24 silly mapToRegistry   spec: 'latest',
24 silly mapToRegistry   type: 'tag' }
25 silly mapToRegistry uri https://registy.npm.taobao.org/gulp
26 verbose addNameTag registry:https://registy.npm.taobao.org/gulp not in flight; fetching
27 verbose request uri https://registy.npm.taobao.org/gulp
28 verbose request no auth needed
29 info attempt registry request try #1 at 17:04:16
30 verbose request id a4e6eed179e4a086
31 http request GET https://registy.npm.taobao.org/gulp
32 info retry will retry, error on last attempt: Error: getaddrinfo ENOTFOUND registy.npm.taobao.org registy.npm.taobao.org:443
33 info attempt registry request try #2 at 17:04:26
34 http request GET https://registy.npm.taobao.org/gulp
35 info retry will retry, error on last attempt: Error: getaddrinfo ENOTFOUND registy.npm.taobao.org registy.npm.taobao.org:443
36 info attempt registry request try #3 at 17:05:26
37 http request GET https://registy.npm.taobao.org/gulp
38 verbose stack Error: getaddrinfo ENOTFOUND registy.npm.taobao.org registy.npm.taobao.org:443
38 verbose stack     at errnoException (dns.js:27:10)
38 verbose stack     at GetAddrInfoReqWrap.onlookup [as oncomplete] (dns.js:78:26)
39 verbose cwd E:\workspace
40 error Windows_NT 6.1.7601
41 error argv "E:\\node.exe" "E:\\node_modules\\npm\\bin\\npm-cli.js" "install" "gulp" "--save"
42 error node v4.4.7
43 error npm  v2.15.8
44 error code ENOTFOUND
45 error errno ENOTFOUND
46 error syscall getaddrinfo
47 error network getaddrinfo ENOTFOUND registy.npm.taobao.org registy.npm.taobao.org:443
47 error network This is most likely not a problem with npm itself
47 error network and is related to network connectivity.
47 error network In most cases you are behind a proxy or have bad network settings.
47 error network
47 error network If you are behind a proxy, please make sure that the
47 error network 'proxy' config is set properly.  See: 'npm help config'
48 verbose exit [ 1, true ]
